2025-05-08 22:14:42,109 [Worker-4: Loading available Gradle versions] INFO  o.e.b.c.i.u.g.PublishedGradleVersions - Gradle version information cache is not available. Remote download required.
2025-05-08 22:16:45,058 [Worker-13: Update Maven projects configuration] INFO  o.e.m.c.i.p.ProjectConfigurationManager - Update started
2025-05-08 22:16:46,868 [Worker-13: Update Maven projects configuration] INFO  o.e.m.c.i.l.LifecycleMappingFactory - Using org.eclipse.m2e.jdt.JarLifecycleMapping lifecycle mapping for MavenProject: DJ:MyDigital:0.0.1-SNAPSHOT @ C:\MyDigital\pom.xml.
2025-05-08 22:16:48,319 [Worker-13: Update Maven projects configuration] INFO  o.e.m.j.i.AbstractJavaProjectConfigurator - Adding source folder /MyDigital/src/main/java
2025-05-08 22:16:48,321 [Worker-13: Update Maven projects configuration] INFO  o.e.m.j.i.AbstractJavaProjectConfigurator - Adding resource folder /MyDigital/src/main/resources
2025-05-08 22:16:48,328 [Worker-13: Update Maven projects configuration] INFO  o.e.m.j.i.AbstractJavaProjectConfigurator - Adding resource folder /MyDigital/src/main/resources
2025-05-08 22:16:48,334 [Worker-13: Update Maven projects configuration] INFO  o.e.m.j.i.AbstractJavaProjectConfigurator - Adding source folder /MyDigital/src/test/java
2025-05-08 22:16:48,336 [Worker-13: Update Maven projects configuration] INFO  o.e.m.j.i.AbstractJavaProjectConfigurator - Adding resource folder /MyDigital/src/test/resources
2025-05-08 22:16:49,040 [Worker-13: Update Maven projects configuration] INFO  o.e.m.c.i.p.ProjectConfigurationManager - Update completed for 1 poms: local refresh takes 0.00 sec, refresh facades takes 3.00 sec, update config takes 0.00 sec 
2025-05-08 22:16:49,623 [Worker-30: Download sources and javadoc] INFO  o.e.m.c.i.e.AbstractTransferListenerAdapter - Downloading https://repo.maven.apache.org/maven2/org/springframework/boot/spring-boot-starter-mail/3.4.3/spring-boot-starter-mail-3.4.3-sources.jar
2025-05-08 22:16:49,679 [Worker-30: Download sources and javadoc] INFO  o.e.m.c.i.e.AbstractTransferListenerAdapter - Downloaded https://repo.maven.apache.org/maven2/org/springframework/boot/spring-boot-starter-mail/3.4.3/spring-boot-starter-mail-3.4.3-sources.jar
2025-05-08 22:16:49,684 [Worker-30: Download sources and javadoc] INFO  o.e.m.j.internal.DownloadSourcesJob - Downloaded sources for org.springframework.boot:spring-boot-starter-mail:3.4.3
2025-05-08 22:16:49,909 [Worker-30: Download sources and javadoc] INFO  o.e.m.c.i.e.AbstractTransferListenerAdapter - Downloading https://repo.maven.apache.org/maven2/org/eclipse/angus/jakarta.mail/2.0.3/jakarta.mail-2.0.3-sources.jar
2025-05-08 22:16:50,737 [Worker-30: Download sources and javadoc] INFO  o.e.m.c.i.e.AbstractTransferListenerAdapter - Downloaded https://repo.maven.apache.org/maven2/org/eclipse/angus/jakarta.mail/2.0.3/jakarta.mail-2.0.3-sources.jar
2025-05-08 22:16:50,740 [Worker-30: Download sources and javadoc] INFO  o.e.m.j.internal.DownloadSourcesJob - Downloaded sources for org.eclipse.angus:jakarta.mail:2.0.3
2025-05-08 22:17:28,735 [Worker-29: Launching MyDigitalApplication] INFO  o.a.m.s.f.DefaultMavenResourcesFiltering - Copying 1 resource from src\main\resources to target\classes
2025-05-08 22:17:28,758 [Worker-29: Launching MyDigitalApplication] INFO  o.a.m.s.f.DefaultMavenResourcesFiltering - Copying 62 resources from src\main\resources to target\classes
2025-05-08 22:17:28,826 [Worker-29: Launching MyDigitalApplication] INFO  o.a.m.s.f.DefaultMavenResourcesFiltering - skip non existing resourceDirectory C:\MyDigital\src\test\resources
2025-05-17 21:32:52,557 [Worker-6: Loading available Gradle versions] INFO  o.e.b.c.i.u.g.PublishedGradleVersions - Gradle version information cache is out-of-date. Trying to update.
2025-05-19 16:51:45,470 [Worker-7: Loading available Gradle versions] INFO  o.e.b.c.i.u.g.PublishedGradleVersions - Gradle version information cache is out-of-date. Trying to update.
2025-05-19 16:51:56,235 [Worker-7: Loading available Gradle versions] INFO  o.e.b.c.i.u.g.PublishedGradleVersions - Updating Gradle version information cache failed. Using outdated cache.
2025-05-19 22:18:00,252 [Worker-4: Loading available Gradle versions] INFO  o.e.b.c.i.u.g.PublishedGradleVersions - Gradle version information cache is out-of-date. Trying to update.
2025-05-19 22:37:28,798 [main] INFO  o.e.m2e.actions.ExecutePomAction - Creating new launch configuration
2025-05-19 22:37:38,750 [Worker-33: Launching MyDigital] INFO  o.eclipse.m2e.core.internal.Bundles - getClasspathEntries(Bundle=org.eclipse.m2e.maven.runtime_3.9.900.20250220-2013 [637])
2025-05-19 22:37:38,752 [Worker-33: Launching MyDigital] INFO  o.eclipse.m2e.core.internal.Bundles - 	Entry: C:\Users\jagad\.p2\pool\plugins\org.eclipse.m2e.maven.runtime_3.9.900.20250220-2013
2025-05-19 22:37:38,752 [Worker-33: Launching MyDigital] INFO  o.eclipse.m2e.core.internal.Bundles - 	Entry: C:\Users\jagad\.p2\pool\plugins\org.eclipse.m2e.maven.runtime_3.9.900.20250220-2013\jars\aopalliance-1.0.jar
2025-05-19 22:37:38,752 [Worker-33: Launching MyDigital] INFO  o.eclipse.m2e.core.internal.Bundles - 	Entry: C:\Users\jagad\.p2\pool\plugins\org.eclipse.m2e.maven.runtime_3.9.900.20250220-2013\jars\guice-5.1.0.jar
2025-05-19 22:37:38,752 [Worker-33: Launching MyDigital] INFO  o.eclipse.m2e.core.internal.Bundles - 	Entry: C:\Users\jagad\.p2\pool\plugins\org.eclipse.m2e.maven.runtime_3.9.900.20250220-2013\jars\httpclient-4.5.14.jar
2025-05-19 22:37:38,752 [Worker-33: Launching MyDigital] INFO  o.eclipse.m2e.core.internal.Bundles - 	Entry: C:\Users\jagad\.p2\pool\plugins\org.eclipse.m2e.maven.runtime_3.9.900.20250220-2013\jars\httpcore-4.4.16.jar
2025-05-19 22:37:38,752 [Worker-33: Launching MyDigital] INFO  o.eclipse.m2e.core.internal.Bundles - 	Entry: C:\Users\jagad\.p2\pool\plugins\org.eclipse.m2e.maven.runtime_3.9.900.20250220-2013\jars\jansi-2.4.1.jar
2025-05-19 22:37:38,752 [Worker-33: Launching MyDigital] INFO  o.eclipse.m2e.core.internal.Bundles - 	Entry: C:\Users\jagad\.p2\pool\plugins\org.eclipse.m2e.maven.runtime_3.9.900.20250220-2013\jars\jcl-over-slf4j-1.7.36.jar
2025-05-19 22:37:38,753 [Worker-33: Launching MyDigital] INFO  o.eclipse.m2e.core.internal.Bundles - 	Entry: C:\Users\jagad\.p2\pool\plugins\org.eclipse.m2e.maven.runtime_3.9.900.20250220-2013\jars\maven-artifact-3.9.9.jar
2025-05-19 22:37:38,753 [Worker-33: Launching MyDigital] INFO  o.eclipse.m2e.core.internal.Bundles - 	Entry: C:\Users\jagad\.p2\pool\plugins\org.eclipse.m2e.maven.runtime_3.9.900.20250220-2013\jars\maven-builder-support-3.9.9.jar
2025-05-19 22:37:38,753 [Worker-33: Launching MyDigital] INFO  o.eclipse.m2e.core.internal.Bundles - 	Entry: C:\Users\jagad\.p2\pool\plugins\org.eclipse.m2e.maven.runtime_3.9.900.20250220-2013\jars\maven-compat-3.9.9.jar
2025-05-19 22:37:38,753 [Worker-33: Launching MyDigital] INFO  o.eclipse.m2e.core.internal.Bundles - 	Entry: C:\Users\jagad\.p2\pool\plugins\org.eclipse.m2e.maven.runtime_3.9.900.20250220-2013\jars\maven-core-3.9.9.jar
2025-05-19 22:37:38,753 [Worker-33: Launching MyDigital] INFO  o.eclipse.m2e.core.internal.Bundles - 	Entry: C:\Users\jagad\.p2\pool\plugins\org.eclipse.m2e.maven.runtime_3.9.900.20250220-2013\jars\maven-embedder-3.9.9.jar
2025-05-19 22:37:38,753 [Worker-33: Launching MyDigital] INFO  o.eclipse.m2e.core.internal.Bundles - 	Entry: C:\Users\jagad\.p2\pool\plugins\org.eclipse.m2e.maven.runtime_3.9.900.20250220-2013\jars\maven-model-3.9.9.jar
2025-05-19 22:37:38,753 [Worker-33: Launching MyDigital] INFO  o.eclipse.m2e.core.internal.Bundles - 	Entry: C:\Users\jagad\.p2\pool\plugins\org.eclipse.m2e.maven.runtime_3.9.900.20250220-2013\jars\maven-model-builder-3.9.9.jar
2025-05-19 22:37:38,753 [Worker-33: Launching MyDigital] INFO  o.eclipse.m2e.core.internal.Bundles - 	Entry: C:\Users\jagad\.p2\pool\plugins\org.eclipse.m2e.maven.runtime_3.9.900.20250220-2013\jars\maven-plugin-api-3.9.9.jar
2025-05-19 22:37:38,753 [Worker-33: Launching MyDigital] INFO  o.eclipse.m2e.core.internal.Bundles - 	Entry: C:\Users\jagad\.p2\pool\plugins\org.eclipse.m2e.maven.runtime_3.9.900.20250220-2013\jars\maven-repository-metadata-3.9.9.jar
2025-05-19 22:37:38,754 [Worker-33: Launching MyDigital] INFO  o.eclipse.m2e.core.internal.Bundles - 	Entry: C:\Users\jagad\.p2\pool\plugins\org.eclipse.m2e.maven.runtime_3.9.900.20250220-2013\jars\maven-resolver-api-1.9.22.jar
2025-05-19 22:37:38,754 [Worker-33: Launching MyDigital] INFO  o.eclipse.m2e.core.internal.Bundles - 	Entry: C:\Users\jagad\.p2\pool\plugins\org.eclipse.m2e.maven.runtime_3.9.900.20250220-2013\jars\maven-resolver-connector-basic-1.9.22.jar
2025-05-19 22:37:38,754 [Worker-33: Launching MyDigital] INFO  o.eclipse.m2e.core.internal.Bundles - 	Entry: C:\Users\jagad\.p2\pool\plugins\org.eclipse.m2e.maven.runtime_3.9.900.20250220-2013\jars\maven-resolver-impl-1.9.22.jar
2025-05-19 22:37:38,754 [Worker-33: Launching MyDigital] INFO  o.eclipse.m2e.core.internal.Bundles - 	Entry: C:\Users\jagad\.p2\pool\plugins\org.eclipse.m2e.maven.runtime_3.9.900.20250220-2013\jars\maven-resolver-named-locks-1.9.22.jar
2025-05-19 22:37:38,754 [Worker-33: Launching MyDigital] INFO  o.eclipse.m2e.core.internal.Bundles - 	Entry: C:\Users\jagad\.p2\pool\plugins\org.eclipse.m2e.maven.runtime_3.9.900.20250220-2013\jars\maven-resolver-provider-3.9.9.jar
2025-05-19 22:37:38,754 [Worker-33: Launching MyDigital] INFO  o.eclipse.m2e.core.internal.Bundles - 	Entry: C:\Users\jagad\.p2\pool\plugins\org.eclipse.m2e.maven.runtime_3.9.900.20250220-2013\jars\maven-resolver-spi-1.9.22.jar
2025-05-19 22:37:38,754 [Worker-33: Launching MyDigital] INFO  o.eclipse.m2e.core.internal.Bundles - 	Entry: C:\Users\jagad\.p2\pool\plugins\org.eclipse.m2e.maven.runtime_3.9.900.20250220-2013\jars\maven-resolver-transport-file-1.9.22.jar
2025-05-19 22:37:38,754 [Worker-33: Launching MyDigital] INFO  o.eclipse.m2e.core.internal.Bundles - 	Entry: C:\Users\jagad\.p2\pool\plugins\org.eclipse.m2e.maven.runtime_3.9.900.20250220-2013\jars\maven-resolver-transport-http-1.9.22.jar
2025-05-19 22:37:38,755 [Worker-33: Launching MyDigital] INFO  o.eclipse.m2e.core.internal.Bundles - 	Entry: C:\Users\jagad\.p2\pool\plugins\org.eclipse.m2e.maven.runtime_3.9.900.20250220-2013\jars\maven-resolver-transport-wagon-1.9.22.jar
2025-05-19 22:37:38,755 [Worker-33: Launching MyDigital] INFO  o.eclipse.m2e.core.internal.Bundles - 	Entry: C:\Users\jagad\.p2\pool\plugins\org.eclipse.m2e.maven.runtime_3.9.900.20250220-2013\jars\maven-resolver-util-1.9.22.jar
2025-05-19 22:37:38,755 [Worker-33: Launching MyDigital] INFO  o.eclipse.m2e.core.internal.Bundles - 	Entry: C:\Users\jagad\.p2\pool\plugins\org.eclipse.m2e.maven.runtime_3.9.900.20250220-2013\jars\maven-settings-3.9.9.jar
2025-05-19 22:37:38,755 [Worker-33: Launching MyDigital] INFO  o.eclipse.m2e.core.internal.Bundles - 	Entry: C:\Users\jagad\.p2\pool\plugins\org.eclipse.m2e.maven.runtime_3.9.900.20250220-2013\jars\maven-settings-builder-3.9.9.jar
2025-05-19 22:37:38,755 [Worker-33: Launching MyDigital] INFO  o.eclipse.m2e.core.internal.Bundles - 	Entry: C:\Users\jagad\.p2\pool\plugins\org.eclipse.m2e.maven.runtime_3.9.900.20250220-2013\jars\maven-shared-utils-3.4.2.jar
2025-05-19 22:37:38,755 [Worker-33: Launching MyDigital] INFO  o.eclipse.m2e.core.internal.Bundles - 	Entry: C:\Users\jagad\.p2\pool\plugins\org.eclipse.m2e.maven.runtime_3.9.900.20250220-2013\jars\org.eclipse.sisu.inject-0.9.0.M3.jar
2025-05-19 22:37:38,755 [Worker-33: Launching MyDigital] INFO  o.eclipse.m2e.core.internal.Bundles - 	Entry: C:\Users\jagad\.p2\pool\plugins\org.eclipse.m2e.maven.runtime_3.9.900.20250220-2013\jars\org.eclipse.sisu.plexus-0.9.0.M3.jar
2025-05-19 22:37:38,755 [Worker-33: Launching MyDigital] INFO  o.eclipse.m2e.core.internal.Bundles - 	Entry: C:\Users\jagad\.p2\pool\plugins\org.eclipse.m2e.maven.runtime_3.9.900.20250220-2013\jars\plexus-build-api-0.0.7.jar
2025-05-19 22:37:38,755 [Worker-33: Launching MyDigital] INFO  o.eclipse.m2e.core.internal.Bundles - 	Entry: C:\Users\jagad\.p2\pool\plugins\org.eclipse.m2e.maven.runtime_3.9.900.20250220-2013\jars\plexus-build-api-1.2.0.jar
2025-05-19 22:37:38,755 [Worker-33: Launching MyDigital] INFO  o.eclipse.m2e.core.internal.Bundles - 	Entry: C:\Users\jagad\.p2\pool\plugins\org.eclipse.m2e.maven.runtime_3.9.900.20250220-2013\jars\plexus-cipher-2.0.jar
2025-05-19 22:37:38,756 [Worker-33: Launching MyDigital] INFO  o.eclipse.m2e.core.internal.Bundles - 	Entry: C:\Users\jagad\.p2\pool\plugins\org.eclipse.m2e.maven.runtime_3.9.900.20250220-2013\jars\plexus-classworlds-2.8.0.jar
2025-05-19 22:37:38,756 [Worker-33: Launching MyDigital] INFO  o.eclipse.m2e.core.internal.Bundles - 	Entry: C:\Users\jagad\.p2\pool\plugins\org.eclipse.m2e.maven.runtime_3.9.900.20250220-2013\jars\plexus-component-annotations-2.1.0.jar
2025-05-19 22:37:38,756 [Worker-33: Launching MyDigital] INFO  o.eclipse.m2e.core.internal.Bundles - 	Entry: C:\Users\jagad\.p2\pool\plugins\org.eclipse.m2e.maven.runtime_3.9.900.20250220-2013\jars\plexus-interpolation-1.27.jar
2025-05-19 22:37:38,756 [Worker-33: Launching MyDigital] INFO  o.eclipse.m2e.core.internal.Bundles - 	Entry: C:\Users\jagad\.p2\pool\plugins\org.eclipse.m2e.maven.runtime_3.9.900.20250220-2013\jars\plexus-sec-dispatcher-2.0.jar
2025-05-19 22:37:38,757 [Worker-33: Launching MyDigital] INFO  o.eclipse.m2e.core.internal.Bundles - 	Entry: C:\Users\jagad\.p2\pool\plugins\org.eclipse.m2e.maven.runtime_3.9.900.20250220-2013\jars\plexus-utils-3.5.1.jar
2025-05-19 22:37:38,757 [Worker-33: Launching MyDigital] INFO  o.eclipse.m2e.core.internal.Bundles - 	Entry: C:\Users\jagad\.p2\pool\plugins\org.eclipse.m2e.maven.runtime_3.9.900.20250220-2013\jars\plexus-xml-3.0.1.jar
2025-05-19 22:37:38,757 [Worker-33: Launching MyDigital] INFO  o.eclipse.m2e.core.internal.Bundles - 	Entry: C:\Users\jagad\.p2\pool\plugins\org.eclipse.m2e.maven.runtime_3.9.900.20250220-2013\jars\wagon-file-3.5.3.jar
2025-05-19 22:37:38,757 [Worker-33: Launching MyDigital] INFO  o.eclipse.m2e.core.internal.Bundles - 	Entry: C:\Users\jagad\.p2\pool\plugins\org.eclipse.m2e.maven.runtime_3.9.900.20250220-2013\jars\wagon-http-3.5.3.jar
2025-05-19 22:37:38,757 [Worker-33: Launching MyDigital] INFO  o.eclipse.m2e.core.internal.Bundles - 	Entry: C:\Users\jagad\.p2\pool\plugins\org.eclipse.m2e.maven.runtime_3.9.900.20250220-2013\jars\wagon-http-shared-3.5.3.jar
2025-05-19 22:37:38,757 [Worker-33: Launching MyDigital] INFO  o.eclipse.m2e.core.internal.Bundles - 	Entry: C:\Users\jagad\.p2\pool\plugins\org.eclipse.m2e.maven.runtime_3.9.900.20250220-2013\jars\wagon-provider-api-3.5.3.jar
2025-05-19 22:37:38,758 [Worker-33: Launching MyDigital] INFO  o.eclipse.m2e.core.internal.Bundles - getClasspathEntries(Bundle=com.google.guava_33.4.0.jre [16])
2025-05-19 22:37:38,758 [Worker-33: Launching MyDigital] INFO  o.eclipse.m2e.core.internal.Bundles - 	Entry: C:\Users\jagad\.p2\pool\plugins\com.google.guava_33.4.0.jre.jar
2025-05-19 22:37:38,758 [Worker-33: Launching MyDigital] INFO  o.eclipse.m2e.core.internal.Bundles - getClasspathEntries(Bundle=slf4j.api_2.0.16 [1004])
2025-05-19 22:37:38,759 [Worker-33: Launching MyDigital] INFO  o.eclipse.m2e.core.internal.Bundles - 	Entry: C:\Users\jagad\.p2\pool\plugins\slf4j.api_2.0.16.jar
2025-05-19 22:37:38,759 [Worker-33: Launching MyDigital] INFO  o.eclipse.m2e.core.internal.Bundles - getClasspathEntries(Bundle=jakarta.inject.jakarta.inject-api_1.0.5 [34])
2025-05-19 22:37:38,759 [Worker-33: Launching MyDigital] INFO  o.eclipse.m2e.core.internal.Bundles - 	Entry: C:\Users\jagad\.p2\pool\plugins\jakarta.inject.jakarta.inject-api_1.0.5.jar
2025-05-19 22:37:38,759 [Worker-33: Launching MyDigital] INFO  o.eclipse.m2e.core.internal.Bundles - getClasspathEntries(Bundle=jakarta.annotation-api_1.3.5 [29])
2025-05-19 22:37:38,759 [Worker-33: Launching MyDigital] INFO  o.eclipse.m2e.core.internal.Bundles - 	Entry: C:\Users\jagad\.p2\pool\plugins\jakarta.annotation-api_1.3.5.jar
2025-05-19 22:37:38,760 [Worker-33: Launching MyDigital] INFO  o.eclipse.m2e.core.internal.Bundles - getClasspathEntries(Bundle=org.apache.commons.cli_1.9.0 [74])
2025-05-19 22:37:38,760 [Worker-33: Launching MyDigital] INFO  o.eclipse.m2e.core.internal.Bundles - 	Entry: C:\Users\jagad\.p2\pool\plugins\org.apache.commons.cli_1.9.0.jar
2025-05-19 22:37:38,760 [Worker-33: Launching MyDigital] INFO  o.eclipse.m2e.core.internal.Bundles - getClasspathEntries(Bundle=org.apache.commons.commons-codec_1.16.0 [76])
2025-05-19 22:37:38,760 [Worker-33: Launching MyDigital] INFO  o.eclipse.m2e.core.internal.Bundles - 	Entry: C:\Users\jagad\.p2\pool\plugins\org.apache.commons.commons-codec_1.16.0.jar
2025-05-19 22:37:38,760 [Worker-33: Launching MyDigital] INFO  o.eclipse.m2e.core.internal.Bundles - getClasspathEntries(Bundle=com.google.guava.failureaccess_1.0.2 [17])
2025-05-19 22:37:38,760 [Worker-33: Launching MyDigital] INFO  o.eclipse.m2e.core.internal.Bundles - 	Entry: C:\Users\jagad\.p2\pool\plugins\com.google.guava.failureaccess_1.0.2.jar
2025-05-19 22:37:38,764 [Worker-33: Launching MyDigital] INFO  o.e.m.i.launch.MavenLaunchDelegate - Run build in "C:\MyDigital":
2025-05-19 22:37:38,765 [Worker-33: Launching MyDigital] INFO  o.e.m.i.launch.MavenLaunchDelegate -  mvn  -B -Dstyle.color=always 
2025-05-19 22:37:59,668 [Worker-34: Launching MyDigital] INFO  o.eclipse.m2e.core.internal.Bundles - getClasspathEntries(Bundle=org.eclipse.m2e.maven.runtime_3.9.900.20250220-2013 [637])
2025-05-19 22:37:59,669 [Worker-34: Launching MyDigital] INFO  o.eclipse.m2e.core.internal.Bundles - 	Entry: C:\Users\jagad\.p2\pool\plugins\org.eclipse.m2e.maven.runtime_3.9.900.20250220-2013
2025-05-19 22:37:59,669 [Worker-34: Launching MyDigital] INFO  o.eclipse.m2e.core.internal.Bundles - 	Entry: C:\Users\jagad\.p2\pool\plugins\org.eclipse.m2e.maven.runtime_3.9.900.20250220-2013\jars\aopalliance-1.0.jar
2025-05-19 22:37:59,669 [Worker-34: Launching MyDigital] INFO  o.eclipse.m2e.core.internal.Bundles - 	Entry: C:\Users\jagad\.p2\pool\plugins\org.eclipse.m2e.maven.runtime_3.9.900.20250220-2013\jars\guice-5.1.0.jar
2025-05-19 22:37:59,669 [Worker-34: Launching MyDigital] INFO  o.eclipse.m2e.core.internal.Bundles - 	Entry: C:\Users\jagad\.p2\pool\plugins\org.eclipse.m2e.maven.runtime_3.9.900.20250220-2013\jars\httpclient-4.5.14.jar
2025-05-19 22:37:59,669 [Worker-34: Launching MyDigital] INFO  o.eclipse.m2e.core.internal.Bundles - 	Entry: C:\Users\jagad\.p2\pool\plugins\org.eclipse.m2e.maven.runtime_3.9.900.20250220-2013\jars\httpcore-4.4.16.jar
2025-05-19 22:37:59,669 [Worker-34: Launching MyDigital] INFO  o.eclipse.m2e.core.internal.Bundles - 	Entry: C:\Users\jagad\.p2\pool\plugins\org.eclipse.m2e.maven.runtime_3.9.900.20250220-2013\jars\jansi-2.4.1.jar
2025-05-19 22:37:59,669 [Worker-34: Launching MyDigital] INFO  o.eclipse.m2e.core.internal.Bundles - 	Entry: C:\Users\jagad\.p2\pool\plugins\org.eclipse.m2e.maven.runtime_3.9.900.20250220-2013\jars\jcl-over-slf4j-1.7.36.jar
2025-05-19 22:37:59,669 [Worker-34: Launching MyDigital] INFO  o.eclipse.m2e.core.internal.Bundles - 	Entry: C:\Users\jagad\.p2\pool\plugins\org.eclipse.m2e.maven.runtime_3.9.900.20250220-2013\jars\maven-artifact-3.9.9.jar
2025-05-19 22:37:59,669 [Worker-34: Launching MyDigital] INFO  o.eclipse.m2e.core.internal.Bundles - 	Entry: C:\Users\jagad\.p2\pool\plugins\org.eclipse.m2e.maven.runtime_3.9.900.20250220-2013\jars\maven-builder-support-3.9.9.jar
2025-05-19 22:37:59,669 [Worker-34: Launching MyDigital] INFO  o.eclipse.m2e.core.internal.Bundles - 	Entry: C:\Users\jagad\.p2\pool\plugins\org.eclipse.m2e.maven.runtime_3.9.900.20250220-2013\jars\maven-compat-3.9.9.jar
2025-05-19 22:37:59,669 [Worker-34: Launching MyDigital] INFO  o.eclipse.m2e.core.internal.Bundles - 	Entry: C:\Users\jagad\.p2\pool\plugins\org.eclipse.m2e.maven.runtime_3.9.900.20250220-2013\jars\maven-core-3.9.9.jar
2025-05-19 22:37:59,670 [Worker-34: Launching MyDigital] INFO  o.eclipse.m2e.core.internal.Bundles - 	Entry: C:\Users\jagad\.p2\pool\plugins\org.eclipse.m2e.maven.runtime_3.9.900.20250220-2013\jars\maven-embedder-3.9.9.jar
2025-05-19 22:37:59,670 [Worker-34: Launching MyDigital] INFO  o.eclipse.m2e.core.internal.Bundles - 	Entry: C:\Users\jagad\.p2\pool\plugins\org.eclipse.m2e.maven.runtime_3.9.900.20250220-2013\jars\maven-model-3.9.9.jar
2025-05-19 22:37:59,670 [Worker-34: Launching MyDigital] INFO  o.eclipse.m2e.core.internal.Bundles - 	Entry: C:\Users\jagad\.p2\pool\plugins\org.eclipse.m2e.maven.runtime_3.9.900.20250220-2013\jars\maven-model-builder-3.9.9.jar
2025-05-19 22:37:59,670 [Worker-34: Launching MyDigital] INFO  o.eclipse.m2e.core.internal.Bundles - 	Entry: C:\Users\jagad\.p2\pool\plugins\org.eclipse.m2e.maven.runtime_3.9.900.20250220-2013\jars\maven-plugin-api-3.9.9.jar
2025-05-19 22:37:59,670 [Worker-34: Launching MyDigital] INFO  o.eclipse.m2e.core.internal.Bundles - 	Entry: C:\Users\jagad\.p2\pool\plugins\org.eclipse.m2e.maven.runtime_3.9.900.20250220-2013\jars\maven-repository-metadata-3.9.9.jar
2025-05-19 22:37:59,670 [Worker-34: Launching MyDigital] INFO  o.eclipse.m2e.core.internal.Bundles - 	Entry: C:\Users\jagad\.p2\pool\plugins\org.eclipse.m2e.maven.runtime_3.9.900.20250220-2013\jars\maven-resolver-api-1.9.22.jar
2025-05-19 22:37:59,670 [Worker-34: Launching MyDigital] INFO  o.eclipse.m2e.core.internal.Bundles - 	Entry: C:\Users\jagad\.p2\pool\plugins\org.eclipse.m2e.maven.runtime_3.9.900.20250220-2013\jars\maven-resolver-connector-basic-1.9.22.jar
2025-05-19 22:37:59,670 [Worker-34: Launching MyDigital] INFO  o.eclipse.m2e.core.internal.Bundles - 	Entry: C:\Users\jagad\.p2\pool\plugins\org.eclipse.m2e.maven.runtime_3.9.900.20250220-2013\jars\maven-resolver-impl-1.9.22.jar
2025-05-19 22:37:59,670 [Worker-34: Launching MyDigital] INFO  o.eclipse.m2e.core.internal.Bundles - 	Entry: C:\Users\jagad\.p2\pool\plugins\org.eclipse.m2e.maven.runtime_3.9.900.20250220-2013\jars\maven-resolver-named-locks-1.9.22.jar
2025-05-19 22:37:59,670 [Worker-34: Launching MyDigital] INFO  o.eclipse.m2e.core.internal.Bundles - 	Entry: C:\Users\jagad\.p2\pool\plugins\org.eclipse.m2e.maven.runtime_3.9.900.20250220-2013\jars\maven-resolver-provider-3.9.9.jar
2025-05-19 22:37:59,670 [Worker-34: Launching MyDigital] INFO  o.eclipse.m2e.core.internal.Bundles - 	Entry: C:\Users\jagad\.p2\pool\plugins\org.eclipse.m2e.maven.runtime_3.9.900.20250220-2013\jars\maven-resolver-spi-1.9.22.jar
2025-05-19 22:37:59,670 [Worker-34: Launching MyDigital] INFO  o.eclipse.m2e.core.internal.Bundles - 	Entry: C:\Users\jagad\.p2\pool\plugins\org.eclipse.m2e.maven.runtime_3.9.900.20250220-2013\jars\maven-resolver-transport-file-1.9.22.jar
2025-05-19 22:37:59,670 [Worker-34: Launching MyDigital] INFO  o.eclipse.m2e.core.internal.Bundles - 	Entry: C:\Users\jagad\.p2\pool\plugins\org.eclipse.m2e.maven.runtime_3.9.900.20250220-2013\jars\maven-resolver-transport-http-1.9.22.jar
2025-05-19 22:37:59,670 [Worker-34: Launching MyDigital] INFO  o.eclipse.m2e.core.internal.Bundles - 	Entry: C:\Users\jagad\.p2\pool\plugins\org.eclipse.m2e.maven.runtime_3.9.900.20250220-2013\jars\maven-resolver-transport-wagon-1.9.22.jar
2025-05-19 22:37:59,670 [Worker-34: Launching MyDigital] INFO  o.eclipse.m2e.core.internal.Bundles - 	Entry: C:\Users\jagad\.p2\pool\plugins\org.eclipse.m2e.maven.runtime_3.9.900.20250220-2013\jars\maven-resolver-util-1.9.22.jar
2025-05-19 22:37:59,670 [Worker-34: Launching MyDigital] INFO  o.eclipse.m2e.core.internal.Bundles - 	Entry: C:\Users\jagad\.p2\pool\plugins\org.eclipse.m2e.maven.runtime_3.9.900.20250220-2013\jars\maven-settings-3.9.9.jar
2025-05-19 22:37:59,670 [Worker-34: Launching MyDigital] INFO  o.eclipse.m2e.core.internal.Bundles - 	Entry: C:\Users\jagad\.p2\pool\plugins\org.eclipse.m2e.maven.runtime_3.9.900.20250220-2013\jars\maven-settings-builder-3.9.9.jar
2025-05-19 22:37:59,670 [Worker-34: Launching MyDigital] INFO  o.eclipse.m2e.core.internal.Bundles - 	Entry: C:\Users\jagad\.p2\pool\plugins\org.eclipse.m2e.maven.runtime_3.9.900.20250220-2013\jars\maven-shared-utils-3.4.2.jar
2025-05-19 22:37:59,671 [Worker-34: Launching MyDigital] INFO  o.eclipse.m2e.core.internal.Bundles - 	Entry: C:\Users\jagad\.p2\pool\plugins\org.eclipse.m2e.maven.runtime_3.9.900.20250220-2013\jars\org.eclipse.sisu.inject-0.9.0.M3.jar
2025-05-19 22:37:59,671 [Worker-34: Launching MyDigital] INFO  o.eclipse.m2e.core.internal.Bundles - 	Entry: C:\Users\jagad\.p2\pool\plugins\org.eclipse.m2e.maven.runtime_3.9.900.20250220-2013\jars\org.eclipse.sisu.plexus-0.9.0.M3.jar
2025-05-19 22:37:59,671 [Worker-34: Launching MyDigital] INFO  o.eclipse.m2e.core.internal.Bundles - 	Entry: C:\Users\jagad\.p2\pool\plugins\org.eclipse.m2e.maven.runtime_3.9.900.20250220-2013\jars\plexus-build-api-0.0.7.jar
2025-05-19 22:37:59,671 [Worker-34: Launching MyDigital] INFO  o.eclipse.m2e.core.internal.Bundles - 	Entry: C:\Users\jagad\.p2\pool\plugins\org.eclipse.m2e.maven.runtime_3.9.900.20250220-2013\jars\plexus-build-api-1.2.0.jar
2025-05-19 22:37:59,671 [Worker-34: Launching MyDigital] INFO  o.eclipse.m2e.core.internal.Bundles - 	Entry: C:\Users\jagad\.p2\pool\plugins\org.eclipse.m2e.maven.runtime_3.9.900.20250220-2013\jars\plexus-cipher-2.0.jar
2025-05-19 22:37:59,671 [Worker-34: Launching MyDigital] INFO  o.eclipse.m2e.core.internal.Bundles - 	Entry: C:\Users\jagad\.p2\pool\plugins\org.eclipse.m2e.maven.runtime_3.9.900.20250220-2013\jars\plexus-classworlds-2.8.0.jar
2025-05-19 22:37:59,671 [Worker-34: Launching MyDigital] INFO  o.eclipse.m2e.core.internal.Bundles - 	Entry: C:\Users\jagad\.p2\pool\plugins\org.eclipse.m2e.maven.runtime_3.9.900.20250220-2013\jars\plexus-component-annotations-2.1.0.jar
2025-05-19 22:37:59,671 [Worker-34: Launching MyDigital] INFO  o.eclipse.m2e.core.internal.Bundles - 	Entry: C:\Users\jagad\.p2\pool\plugins\org.eclipse.m2e.maven.runtime_3.9.900.20250220-2013\jars\plexus-interpolation-1.27.jar
2025-05-19 22:37:59,671 [Worker-34: Launching MyDigital] INFO  o.eclipse.m2e.core.internal.Bundles - 	Entry: C:\Users\jagad\.p2\pool\plugins\org.eclipse.m2e.maven.runtime_3.9.900.20250220-2013\jars\plexus-sec-dispatcher-2.0.jar
2025-05-19 22:37:59,671 [Worker-34: Launching MyDigital] INFO  o.eclipse.m2e.core.internal.Bundles - 	Entry: C:\Users\jagad\.p2\pool\plugins\org.eclipse.m2e.maven.runtime_3.9.900.20250220-2013\jars\plexus-utils-3.5.1.jar
2025-05-19 22:37:59,671 [Worker-34: Launching MyDigital] INFO  o.eclipse.m2e.core.internal.Bundles - 	Entry: C:\Users\jagad\.p2\pool\plugins\org.eclipse.m2e.maven.runtime_3.9.900.20250220-2013\jars\plexus-xml-3.0.1.jar
2025-05-19 22:37:59,671 [Worker-34: Launching MyDigital] INFO  o.eclipse.m2e.core.internal.Bundles - 	Entry: C:\Users\jagad\.p2\pool\plugins\org.eclipse.m2e.maven.runtime_3.9.900.20250220-2013\jars\wagon-file-3.5.3.jar
2025-05-19 22:37:59,671 [Worker-34: Launching MyDigital] INFO  o.eclipse.m2e.core.internal.Bundles - 	Entry: C:\Users\jagad\.p2\pool\plugins\org.eclipse.m2e.maven.runtime_3.9.900.20250220-2013\jars\wagon-http-3.5.3.jar
2025-05-19 22:37:59,671 [Worker-34: Launching MyDigital] INFO  o.eclipse.m2e.core.internal.Bundles - 	Entry: C:\Users\jagad\.p2\pool\plugins\org.eclipse.m2e.maven.runtime_3.9.900.20250220-2013\jars\wagon-http-shared-3.5.3.jar
2025-05-19 22:37:59,671 [Worker-34: Launching MyDigital] INFO  o.eclipse.m2e.core.internal.Bundles - 	Entry: C:\Users\jagad\.p2\pool\plugins\org.eclipse.m2e.maven.runtime_3.9.900.20250220-2013\jars\wagon-provider-api-3.5.3.jar
2025-05-19 22:37:59,672 [Worker-34: Launching MyDigital] INFO  o.eclipse.m2e.core.internal.Bundles - getClasspathEntries(Bundle=com.google.guava_33.4.0.jre [16])
2025-05-19 22:37:59,672 [Worker-34: Launching MyDigital] INFO  o.eclipse.m2e.core.internal.Bundles - 	Entry: C:\Users\jagad\.p2\pool\plugins\com.google.guava_33.4.0.jre.jar
2025-05-19 22:37:59,672 [Worker-34: Launching MyDigital] INFO  o.eclipse.m2e.core.internal.Bundles - getClasspathEntries(Bundle=slf4j.api_2.0.16 [1004])
2025-05-19 22:37:59,672 [Worker-34: Launching MyDigital] INFO  o.eclipse.m2e.core.internal.Bundles - 	Entry: C:\Users\jagad\.p2\pool\plugins\slf4j.api_2.0.16.jar
2025-05-19 22:37:59,672 [Worker-34: Launching MyDigital] INFO  o.eclipse.m2e.core.internal.Bundles - getClasspathEntries(Bundle=jakarta.inject.jakarta.inject-api_1.0.5 [34])
2025-05-19 22:37:59,672 [Worker-34: Launching MyDigital] INFO  o.eclipse.m2e.core.internal.Bundles - 	Entry: C:\Users\jagad\.p2\pool\plugins\jakarta.inject.jakarta.inject-api_1.0.5.jar
2025-05-19 22:37:59,672 [Worker-34: Launching MyDigital] INFO  o.eclipse.m2e.core.internal.Bundles - getClasspathEntries(Bundle=jakarta.annotation-api_1.3.5 [29])
2025-05-19 22:37:59,672 [Worker-34: Launching MyDigital] INFO  o.eclipse.m2e.core.internal.Bundles - 	Entry: C:\Users\jagad\.p2\pool\plugins\jakarta.annotation-api_1.3.5.jar
2025-05-19 22:37:59,672 [Worker-34: Launching MyDigital] INFO  o.eclipse.m2e.core.internal.Bundles - getClasspathEntries(Bundle=org.apache.commons.cli_1.9.0 [74])
2025-05-19 22:37:59,673 [Worker-34: Launching MyDigital] INFO  o.eclipse.m2e.core.internal.Bundles - 	Entry: C:\Users\jagad\.p2\pool\plugins\org.apache.commons.cli_1.9.0.jar
2025-05-19 22:37:59,673 [Worker-34: Launching MyDigital] INFO  o.eclipse.m2e.core.internal.Bundles - getClasspathEntries(Bundle=org.apache.commons.commons-codec_1.16.0 [76])
2025-05-19 22:37:59,673 [Worker-34: Launching MyDigital] INFO  o.eclipse.m2e.core.internal.Bundles - 	Entry: C:\Users\jagad\.p2\pool\plugins\org.apache.commons.commons-codec_1.16.0.jar
2025-05-19 22:37:59,673 [Worker-34: Launching MyDigital] INFO  o.eclipse.m2e.core.internal.Bundles - getClasspathEntries(Bundle=com.google.guava.failureaccess_1.0.2 [17])
2025-05-19 22:37:59,673 [Worker-34: Launching MyDigital] INFO  o.eclipse.m2e.core.internal.Bundles - 	Entry: C:\Users\jagad\.p2\pool\plugins\com.google.guava.failureaccess_1.0.2.jar
2025-05-19 22:37:59,674 [Worker-34: Launching MyDigital] INFO  o.e.m.i.launch.MavenLaunchDelegate - Run build in "C:\MyDigital":
2025-05-19 22:37:59,674 [Worker-34: Launching MyDigital] INFO  o.e.m.i.launch.MavenLaunchDelegate -  mvn  -B -Dstyle.color=always 
2025-05-19 22:38:19,321 [Worker-33: Launching MyDigitalApplication] INFO  o.e.m.c.i.l.LifecycleMappingFactory - Using org.eclipse.m2e.jdt.JarLifecycleMapping lifecycle mapping for MavenProject: DJ:MyDigital:0.0.1-SNAPSHOT @ C:\MyDigital\pom.xml.
2025-05-19 22:38:19,841 [Worker-33: Launching MyDigitalApplication] INFO  o.a.m.s.f.DefaultMavenResourcesFiltering - Copying 1 resource from src\main\resources to target\classes
2025-05-19 22:38:19,867 [Worker-33: Launching MyDigitalApplication] INFO  o.a.m.s.f.DefaultMavenResourcesFiltering - Copying 62 resources from src\main\resources to target\classes
2025-05-19 22:38:19,889 [Worker-33: Launching MyDigitalApplication] INFO  o.a.m.s.f.DefaultMavenResourcesFiltering - skip non existing resourceDirectory C:\MyDigital\src\test\resources
2025-05-19 22:39:20,680 [Worker-37: Launching MyDigital] INFO  o.eclipse.m2e.core.internal.Bundles - getClasspathEntries(Bundle=org.eclipse.m2e.maven.runtime_3.9.900.20250220-2013 [637])
2025-05-19 22:39:20,680 [Worker-37: Launching MyDigital] INFO  o.eclipse.m2e.core.internal.Bundles - 	Entry: C:\Users\jagad\.p2\pool\plugins\org.eclipse.m2e.maven.runtime_3.9.900.20250220-2013
2025-05-19 22:39:20,681 [Worker-37: Launching MyDigital] INFO  o.eclipse.m2e.core.internal.Bundles - 	Entry: C:\Users\jagad\.p2\pool\plugins\org.eclipse.m2e.maven.runtime_3.9.900.20250220-2013\jars\aopalliance-1.0.jar
2025-05-19 22:39:20,681 [Worker-37: Launching MyDigital] INFO  o.eclipse.m2e.core.internal.Bundles - 	Entry: C:\Users\jagad\.p2\pool\plugins\org.eclipse.m2e.maven.runtime_3.9.900.20250220-2013\jars\guice-5.1.0.jar
2025-05-19 22:39:20,681 [Worker-37: Launching MyDigital] INFO  o.eclipse.m2e.core.internal.Bundles - 	Entry: C:\Users\jagad\.p2\pool\plugins\org.eclipse.m2e.maven.runtime_3.9.900.20250220-2013\jars\httpclient-4.5.14.jar
2025-05-19 22:39:20,681 [Worker-37: Launching MyDigital] INFO  o.eclipse.m2e.core.internal.Bundles - 	Entry: C:\Users\jagad\.p2\pool\plugins\org.eclipse.m2e.maven.runtime_3.9.900.20250220-2013\jars\httpcore-4.4.16.jar
2025-05-19 22:39:20,681 [Worker-37: Launching MyDigital] INFO  o.eclipse.m2e.core.internal.Bundles - 	Entry: C:\Users\jagad\.p2\pool\plugins\org.eclipse.m2e.maven.runtime_3.9.900.20250220-2013\jars\jansi-2.4.1.jar
2025-05-19 22:39:20,681 [Worker-37: Launching MyDigital] INFO  o.eclipse.m2e.core.internal.Bundles - 	Entry: C:\Users\jagad\.p2\pool\plugins\org.eclipse.m2e.maven.runtime_3.9.900.20250220-2013\jars\jcl-over-slf4j-1.7.36.jar
2025-05-19 22:39:20,681 [Worker-37: Launching MyDigital] INFO  o.eclipse.m2e.core.internal.Bundles - 	Entry: C:\Users\jagad\.p2\pool\plugins\org.eclipse.m2e.maven.runtime_3.9.900.20250220-2013\jars\maven-artifact-3.9.9.jar
2025-05-19 22:39:20,681 [Worker-37: Launching MyDigital] INFO  o.eclipse.m2e.core.internal.Bundles - 	Entry: C:\Users\jagad\.p2\pool\plugins\org.eclipse.m2e.maven.runtime_3.9.900.20250220-2013\jars\maven-builder-support-3.9.9.jar
2025-05-19 22:39:20,681 [Worker-37: Launching MyDigital] INFO  o.eclipse.m2e.core.internal.Bundles - 	Entry: C:\Users\jagad\.p2\pool\plugins\org.eclipse.m2e.maven.runtime_3.9.900.20250220-2013\jars\maven-compat-3.9.9.jar
2025-05-19 22:39:20,681 [Worker-37: Launching MyDigital] INFO  o.eclipse.m2e.core.internal.Bundles - 	Entry: C:\Users\jagad\.p2\pool\plugins\org.eclipse.m2e.maven.runtime_3.9.900.20250220-2013\jars\maven-core-3.9.9.jar
2025-05-19 22:39:20,681 [Worker-37: Launching MyDigital] INFO  o.eclipse.m2e.core.internal.Bundles - 	Entry: C:\Users\jagad\.p2\pool\plugins\org.eclipse.m2e.maven.runtime_3.9.900.20250220-2013\jars\maven-embedder-3.9.9.jar
2025-05-19 22:39:20,681 [Worker-37: Launching MyDigital] INFO  o.eclipse.m2e.core.internal.Bundles - 	Entry: C:\Users\jagad\.p2\pool\plugins\org.eclipse.m2e.maven.runtime_3.9.900.20250220-2013\jars\maven-model-3.9.9.jar
2025-05-19 22:39:20,681 [Worker-37: Launching MyDigital] INFO  o.eclipse.m2e.core.internal.Bundles - 	Entry: C:\Users\jagad\.p2\pool\plugins\org.eclipse.m2e.maven.runtime_3.9.900.20250220-2013\jars\maven-model-builder-3.9.9.jar
2025-05-19 22:39:20,681 [Worker-37: Launching MyDigital] INFO  o.eclipse.m2e.core.internal.Bundles - 	Entry: C:\Users\jagad\.p2\pool\plugins\org.eclipse.m2e.maven.runtime_3.9.900.20250220-2013\jars\maven-plugin-api-3.9.9.jar
2025-05-19 22:39:20,681 [Worker-37: Launching MyDigital] INFO  o.eclipse.m2e.core.internal.Bundles - 	Entry: C:\Users\jagad\.p2\pool\plugins\org.eclipse.m2e.maven.runtime_3.9.900.20250220-2013\jars\maven-repository-metadata-3.9.9.jar
2025-05-19 22:39:20,681 [Worker-37: Launching MyDigital] INFO  o.eclipse.m2e.core.internal.Bundles - 	Entry: C:\Users\jagad\.p2\pool\plugins\org.eclipse.m2e.maven.runtime_3.9.900.20250220-2013\jars\maven-resolver-api-1.9.22.jar
2025-05-19 22:39:20,681 [Worker-37: Launching MyDigital] INFO  o.eclipse.m2e.core.internal.Bundles - 	Entry: C:\Users\jagad\.p2\pool\plugins\org.eclipse.m2e.maven.runtime_3.9.900.20250220-2013\jars\maven-resolver-connector-basic-1.9.22.jar
2025-05-19 22:39:20,681 [Worker-37: Launching MyDigital] INFO  o.eclipse.m2e.core.internal.Bundles - 	Entry: C:\Users\jagad\.p2\pool\plugins\org.eclipse.m2e.maven.runtime_3.9.900.20250220-2013\jars\maven-resolver-impl-1.9.22.jar
2025-05-19 22:39:20,682 [Worker-37: Launching MyDigital] INFO  o.eclipse.m2e.core.internal.Bundles - 	Entry: C:\Users\jagad\.p2\pool\plugins\org.eclipse.m2e.maven.runtime_3.9.900.20250220-2013\jars\maven-resolver-named-locks-1.9.22.jar
2025-05-19 22:39:20,682 [Worker-37: Launching MyDigital] INFO  o.eclipse.m2e.core.internal.Bundles - 	Entry: C:\Users\jagad\.p2\pool\plugins\org.eclipse.m2e.maven.runtime_3.9.900.20250220-2013\jars\maven-resolver-provider-3.9.9.jar
2025-05-19 22:39:20,682 [Worker-37: Launching MyDigital] INFO  o.eclipse.m2e.core.internal.Bundles - 	Entry: C:\Users\jagad\.p2\pool\plugins\org.eclipse.m2e.maven.runtime_3.9.900.20250220-2013\jars\maven-resolver-spi-1.9.22.jar
2025-05-19 22:39:20,682 [Worker-37: Launching MyDigital] INFO  o.eclipse.m2e.core.internal.Bundles - 	Entry: C:\Users\jagad\.p2\pool\plugins\org.eclipse.m2e.maven.runtime_3.9.900.20250220-2013\jars\maven-resolver-transport-file-1.9.22.jar
2025-05-19 22:39:20,682 [Worker-37: Launching MyDigital] INFO  o.eclipse.m2e.core.internal.Bundles - 	Entry: C:\Users\jagad\.p2\pool\plugins\org.eclipse.m2e.maven.runtime_3.9.900.20250220-2013\jars\maven-resolver-transport-http-1.9.22.jar
2025-05-19 22:39:20,682 [Worker-37: Launching MyDigital] INFO  o.eclipse.m2e.core.internal.Bundles - 	Entry: C:\Users\jagad\.p2\pool\plugins\org.eclipse.m2e.maven.runtime_3.9.900.20250220-2013\jars\maven-resolver-transport-wagon-1.9.22.jar
2025-05-19 22:39:20,682 [Worker-37: Launching MyDigital] INFO  o.eclipse.m2e.core.internal.Bundles - 	Entry: C:\Users\jagad\.p2\pool\plugins\org.eclipse.m2e.maven.runtime_3.9.900.20250220-2013\jars\maven-resolver-util-1.9.22.jar
2025-05-19 22:39:20,682 [Worker-37: Launching MyDigital] INFO  o.eclipse.m2e.core.internal.Bundles - 	Entry: C:\Users\jagad\.p2\pool\plugins\org.eclipse.m2e.maven.runtime_3.9.900.20250220-2013\jars\maven-settings-3.9.9.jar
2025-05-19 22:39:20,682 [Worker-37: Launching MyDigital] INFO  o.eclipse.m2e.core.internal.Bundles - 	Entry: C:\Users\jagad\.p2\pool\plugins\org.eclipse.m2e.maven.runtime_3.9.900.20250220-2013\jars\maven-settings-builder-3.9.9.jar
2025-05-19 22:39:20,682 [Worker-37: Launching MyDigital] INFO  o.eclipse.m2e.core.internal.Bundles - 	Entry: C:\Users\jagad\.p2\pool\plugins\org.eclipse.m2e.maven.runtime_3.9.900.20250220-2013\jars\maven-shared-utils-3.4.2.jar
2025-05-19 22:39:20,682 [Worker-37: Launching MyDigital] INFO  o.eclipse.m2e.core.internal.Bundles - 	Entry: C:\Users\jagad\.p2\pool\plugins\org.eclipse.m2e.maven.runtime_3.9.900.20250220-2013\jars\org.eclipse.sisu.inject-0.9.0.M3.jar
2025-05-19 22:39:20,682 [Worker-37: Launching MyDigital] INFO  o.eclipse.m2e.core.internal.Bundles - 	Entry: C:\Users\jagad\.p2\pool\plugins\org.eclipse.m2e.maven.runtime_3.9.900.20250220-2013\jars\org.eclipse.sisu.plexus-0.9.0.M3.jar
2025-05-19 22:39:20,682 [Worker-37: Launching MyDigital] INFO  o.eclipse.m2e.core.internal.Bundles - 	Entry: C:\Users\jagad\.p2\pool\plugins\org.eclipse.m2e.maven.runtime_3.9.900.20250220-2013\jars\plexus-build-api-0.0.7.jar
2025-05-19 22:39:20,682 [Worker-37: Launching MyDigital] INFO  o.eclipse.m2e.core.internal.Bundles - 	Entry: C:\Users\jagad\.p2\pool\plugins\org.eclipse.m2e.maven.runtime_3.9.900.20250220-2013\jars\plexus-build-api-1.2.0.jar
2025-05-19 22:39:20,682 [Worker-37: Launching MyDigital] INFO  o.eclipse.m2e.core.internal.Bundles - 	Entry: C:\Users\jagad\.p2\pool\plugins\org.eclipse.m2e.maven.runtime_3.9.900.20250220-2013\jars\plexus-cipher-2.0.jar
2025-05-19 22:39:20,682 [Worker-37: Launching MyDigital] INFO  o.eclipse.m2e.core.internal.Bundles - 	Entry: C:\Users\jagad\.p2\pool\plugins\org.eclipse.m2e.maven.runtime_3.9.900.20250220-2013\jars\plexus-classworlds-2.8.0.jar
2025-05-19 22:39:20,682 [Worker-37: Launching MyDigital] INFO  o.eclipse.m2e.core.internal.Bundles - 	Entry: C:\Users\jagad\.p2\pool\plugins\org.eclipse.m2e.maven.runtime_3.9.900.20250220-2013\jars\plexus-component-annotations-2.1.0.jar
2025-05-19 22:39:20,682 [Worker-37: Launching MyDigital] INFO  o.eclipse.m2e.core.internal.Bundles - 	Entry: C:\Users\jagad\.p2\pool\plugins\org.eclipse.m2e.maven.runtime_3.9.900.20250220-2013\jars\plexus-interpolation-1.27.jar
2025-05-19 22:39:20,683 [Worker-37: Launching MyDigital] INFO  o.eclipse.m2e.core.internal.Bundles - 	Entry: C:\Users\jagad\.p2\pool\plugins\org.eclipse.m2e.maven.runtime_3.9.900.20250220-2013\jars\plexus-sec-dispatcher-2.0.jar
2025-05-19 22:39:20,683 [Worker-37: Launching MyDigital] INFO  o.eclipse.m2e.core.internal.Bundles - 	Entry: C:\Users\jagad\.p2\pool\plugins\org.eclipse.m2e.maven.runtime_3.9.900.20250220-2013\jars\plexus-utils-3.5.1.jar
2025-05-19 22:39:20,683 [Worker-37: Launching MyDigital] INFO  o.eclipse.m2e.core.internal.Bundles - 	Entry: C:\Users\jagad\.p2\pool\plugins\org.eclipse.m2e.maven.runtime_3.9.900.20250220-2013\jars\plexus-xml-3.0.1.jar
2025-05-19 22:39:20,683 [Worker-37: Launching MyDigital] INFO  o.eclipse.m2e.core.internal.Bundles - 	Entry: C:\Users\jagad\.p2\pool\plugins\org.eclipse.m2e.maven.runtime_3.9.900.20250220-2013\jars\wagon-file-3.5.3.jar
2025-05-19 22:39:20,683 [Worker-37: Launching MyDigital] INFO  o.eclipse.m2e.core.internal.Bundles - 	Entry: C:\Users\jagad\.p2\pool\plugins\org.eclipse.m2e.maven.runtime_3.9.900.20250220-2013\jars\wagon-http-3.5.3.jar
2025-05-19 22:39:20,683 [Worker-37: Launching MyDigital] INFO  o.eclipse.m2e.core.internal.Bundles - 	Entry: C:\Users\jagad\.p2\pool\plugins\org.eclipse.m2e.maven.runtime_3.9.900.20250220-2013\jars\wagon-http-shared-3.5.3.jar
2025-05-19 22:39:20,683 [Worker-37: Launching MyDigital] INFO  o.eclipse.m2e.core.internal.Bundles - 	Entry: C:\Users\jagad\.p2\pool\plugins\org.eclipse.m2e.maven.runtime_3.9.900.20250220-2013\jars\wagon-provider-api-3.5.3.jar
2025-05-19 22:39:20,683 [Worker-37: Launching MyDigital] INFO  o.eclipse.m2e.core.internal.Bundles - getClasspathEntries(Bundle=com.google.guava_33.4.0.jre [16])
2025-05-19 22:39:20,683 [Worker-37: Launching MyDigital] INFO  o.eclipse.m2e.core.internal.Bundles - 	Entry: C:\Users\jagad\.p2\pool\plugins\com.google.guava_33.4.0.jre.jar
2025-05-19 22:39:20,683 [Worker-37: Launching MyDigital] INFO  o.eclipse.m2e.core.internal.Bundles - getClasspathEntries(Bundle=slf4j.api_2.0.16 [1004])
2025-05-19 22:39:20,683 [Worker-37: Launching MyDigital] INFO  o.eclipse.m2e.core.internal.Bundles - 	Entry: C:\Users\jagad\.p2\pool\plugins\slf4j.api_2.0.16.jar
2025-05-19 22:39:20,683 [Worker-37: Launching MyDigital] INFO  o.eclipse.m2e.core.internal.Bundles - getClasspathEntries(Bundle=jakarta.inject.jakarta.inject-api_1.0.5 [34])
2025-05-19 22:39:20,684 [Worker-37: Launching MyDigital] INFO  o.eclipse.m2e.core.internal.Bundles - 	Entry: C:\Users\jagad\.p2\pool\plugins\jakarta.inject.jakarta.inject-api_1.0.5.jar
2025-05-19 22:39:20,684 [Worker-37: Launching MyDigital] INFO  o.eclipse.m2e.core.internal.Bundles - getClasspathEntries(Bundle=jakarta.annotation-api_1.3.5 [29])
2025-05-19 22:39:20,684 [Worker-37: Launching MyDigital] INFO  o.eclipse.m2e.core.internal.Bundles - 	Entry: C:\Users\jagad\.p2\pool\plugins\jakarta.annotation-api_1.3.5.jar
2025-05-19 22:39:20,684 [Worker-37: Launching MyDigital] INFO  o.eclipse.m2e.core.internal.Bundles - getClasspathEntries(Bundle=org.apache.commons.cli_1.9.0 [74])
2025-05-19 22:39:20,684 [Worker-37: Launching MyDigital] INFO  o.eclipse.m2e.core.internal.Bundles - 	Entry: C:\Users\jagad\.p2\pool\plugins\org.apache.commons.cli_1.9.0.jar
2025-05-19 22:39:20,684 [Worker-37: Launching MyDigital] INFO  o.eclipse.m2e.core.internal.Bundles - getClasspathEntries(Bundle=org.apache.commons.commons-codec_1.16.0 [76])
2025-05-19 22:39:20,684 [Worker-37: Launching MyDigital] INFO  o.eclipse.m2e.core.internal.Bundles - 	Entry: C:\Users\jagad\.p2\pool\plugins\org.apache.commons.commons-codec_1.16.0.jar
2025-05-19 22:39:20,684 [Worker-37: Launching MyDigital] INFO  o.eclipse.m2e.core.internal.Bundles - getClasspathEntries(Bundle=com.google.guava.failureaccess_1.0.2 [17])
2025-05-19 22:39:20,684 [Worker-37: Launching MyDigital] INFO  o.eclipse.m2e.core.internal.Bundles - 	Entry: C:\Users\jagad\.p2\pool\plugins\com.google.guava.failureaccess_1.0.2.jar
2025-05-19 22:39:20,685 [Worker-37: Launching MyDigital] INFO  o.e.m.i.launch.MavenLaunchDelegate - Run build in "C:\MyDigital":
2025-05-19 22:39:20,685 [Worker-37: Launching MyDigital] INFO  o.e.m.i.launch.MavenLaunchDelegate -  mvn  -B -Dstyle.color=always 
2025-05-19 22:40:57,797 [Worker-33: Launching MyDigital] INFO  o.eclipse.m2e.core.internal.Bundles - getClasspathEntries(Bundle=org.eclipse.m2e.maven.runtime_3.9.900.20250220-2013 [637])
2025-05-19 22:40:57,798 [Worker-33: Launching MyDigital] INFO  o.eclipse.m2e.core.internal.Bundles - 	Entry: C:\Users\jagad\.p2\pool\plugins\org.eclipse.m2e.maven.runtime_3.9.900.20250220-2013
2025-05-19 22:40:57,798 [Worker-33: Launching MyDigital] INFO  o.eclipse.m2e.core.internal.Bundles - 	Entry: C:\Users\jagad\.p2\pool\plugins\org.eclipse.m2e.maven.runtime_3.9.900.20250220-2013\jars\aopalliance-1.0.jar
2025-05-19 22:40:57,798 [Worker-33: Launching MyDigital] INFO  o.eclipse.m2e.core.internal.Bundles - 	Entry: C:\Users\jagad\.p2\pool\plugins\org.eclipse.m2e.maven.runtime_3.9.900.20250220-2013\jars\guice-5.1.0.jar
2025-05-19 22:40:57,798 [Worker-33: Launching MyDigital] INFO  o.eclipse.m2e.core.internal.Bundles - 	Entry: C:\Users\jagad\.p2\pool\plugins\org.eclipse.m2e.maven.runtime_3.9.900.20250220-2013\jars\httpclient-4.5.14.jar
2025-05-19 22:40:57,798 [Worker-33: Launching MyDigital] INFO  o.eclipse.m2e.core.internal.Bundles - 	Entry: C:\Users\jagad\.p2\pool\plugins\org.eclipse.m2e.maven.runtime_3.9.900.20250220-2013\jars\httpcore-4.4.16.jar
2025-05-19 22:40:57,798 [Worker-33: Launching MyDigital] INFO  o.eclipse.m2e.core.internal.Bundles - 	Entry: C:\Users\jagad\.p2\pool\plugins\org.eclipse.m2e.maven.runtime_3.9.900.20250220-2013\jars\jansi-2.4.1.jar
2025-05-19 22:40:57,798 [Worker-33: Launching MyDigital] INFO  o.eclipse.m2e.core.internal.Bundles - 	Entry: C:\Users\jagad\.p2\pool\plugins\org.eclipse.m2e.maven.runtime_3.9.900.20250220-2013\jars\jcl-over-slf4j-1.7.36.jar
2025-05-19 22:40:57,798 [Worker-33: Launching MyDigital] INFO  o.eclipse.m2e.core.internal.Bundles - 	Entry: C:\Users\jagad\.p2\pool\plugins\org.eclipse.m2e.maven.runtime_3.9.900.20250220-2013\jars\maven-artifact-3.9.9.jar
2025-05-19 22:40:57,798 [Worker-33: Launching MyDigital] INFO  o.eclipse.m2e.core.internal.Bundles - 	Entry: C:\Users\jagad\.p2\pool\plugins\org.eclipse.m2e.maven.runtime_3.9.900.20250220-2013\jars\maven-builder-support-3.9.9.jar
2025-05-19 22:40:57,798 [Worker-33: Launching MyDigital] INFO  o.eclipse.m2e.core.internal.Bundles - 	Entry: C:\Users\jagad\.p2\pool\plugins\org.eclipse.m2e.maven.runtime_3.9.900.20250220-2013\jars\maven-compat-3.9.9.jar
2025-05-19 22:40:57,798 [Worker-33: Launching MyDigital] INFO  o.eclipse.m2e.core.internal.Bundles - 	Entry: C:\Users\jagad\.p2\pool\plugins\org.eclipse.m2e.maven.runtime_3.9.900.20250220-2013\jars\maven-core-3.9.9.jar
2025-05-19 22:40:57,798 [Worker-33: Launching MyDigital] INFO  o.eclipse.m2e.core.internal.Bundles - 	Entry: C:\Users\jagad\.p2\pool\plugins\org.eclipse.m2e.maven.runtime_3.9.900.20250220-2013\jars\maven-embedder-3.9.9.jar
2025-05-19 22:40:57,798 [Worker-33: Launching MyDigital] INFO  o.eclipse.m2e.core.internal.Bundles - 	Entry: C:\Users\jagad\.p2\pool\plugins\org.eclipse.m2e.maven.runtime_3.9.900.20250220-2013\jars\maven-model-3.9.9.jar
2025-05-19 22:40:57,798 [Worker-33: Launching MyDigital] INFO  o.eclipse.m2e.core.internal.Bundles - 	Entry: C:\Users\jagad\.p2\pool\plugins\org.eclipse.m2e.maven.runtime_3.9.900.20250220-2013\jars\maven-model-builder-3.9.9.jar
2025-05-19 22:40:57,798 [Worker-33: Launching MyDigital] INFO  o.eclipse.m2e.core.internal.Bundles - 	Entry: C:\Users\jagad\.p2\pool\plugins\org.eclipse.m2e.maven.runtime_3.9.900.20250220-2013\jars\maven-plugin-api-3.9.9.jar
2025-05-19 22:40:57,799 [Worker-33: Launching MyDigital] INFO  o.eclipse.m2e.core.internal.Bundles - 	Entry: C:\Users\jagad\.p2\pool\plugins\org.eclipse.m2e.maven.runtime_3.9.900.20250220-2013\jars\maven-repository-metadata-3.9.9.jar
2025-05-19 22:40:57,799 [Worker-33: Launching MyDigital] INFO  o.eclipse.m2e.core.internal.Bundles - 	Entry: C:\Users\jagad\.p2\pool\plugins\org.eclipse.m2e.maven.runtime_3.9.900.20250220-2013\jars\maven-resolver-api-1.9.22.jar
2025-05-19 22:40:57,799 [Worker-33: Launching MyDigital] INFO  o.eclipse.m2e.core.internal.Bundles - 	Entry: C:\Users\jagad\.p2\pool\plugins\org.eclipse.m2e.maven.runtime_3.9.900.20250220-2013\jars\maven-resolver-connector-basic-1.9.22.jar
2025-05-19 22:40:57,799 [Worker-33: Launching MyDigital] INFO  o.eclipse.m2e.core.internal.Bundles - 	Entry: C:\Users\jagad\.p2\pool\plugins\org.eclipse.m2e.maven.runtime_3.9.900.20250220-2013\jars\maven-resolver-impl-1.9.22.jar
2025-05-19 22:40:57,799 [Worker-33: Launching MyDigital] INFO  o.eclipse.m2e.core.internal.Bundles - 	Entry: C:\Users\jagad\.p2\pool\plugins\org.eclipse.m2e.maven.runtime_3.9.900.20250220-2013\jars\maven-resolver-named-locks-1.9.22.jar
2025-05-19 22:40:57,799 [Worker-33: Launching MyDigital] INFO  o.eclipse.m2e.core.internal.Bundles - 	Entry: C:\Users\jagad\.p2\pool\plugins\org.eclipse.m2e.maven.runtime_3.9.900.20250220-2013\jars\maven-resolver-provider-3.9.9.jar
2025-05-19 22:40:57,799 [Worker-33: Launching MyDigital] INFO  o.eclipse.m2e.core.internal.Bundles - 	Entry: C:\Users\jagad\.p2\pool\plugins\org.eclipse.m2e.maven.runtime_3.9.900.20250220-2013\jars\maven-resolver-spi-1.9.22.jar
2025-05-19 22:40:57,799 [Worker-33: Launching MyDigital] INFO  o.eclipse.m2e.core.internal.Bundles - 	Entry: C:\Users\jagad\.p2\pool\plugins\org.eclipse.m2e.maven.runtime_3.9.900.20250220-2013\jars\maven-resolver-transport-file-1.9.22.jar
2025-05-19 22:40:57,799 [Worker-33: Launching MyDigital] INFO  o.eclipse.m2e.core.internal.Bundles - 	Entry: C:\Users\jagad\.p2\pool\plugins\org.eclipse.m2e.maven.runtime_3.9.900.20250220-2013\jars\maven-resolver-transport-http-1.9.22.jar
2025-05-19 22:40:57,799 [Worker-33: Launching MyDigital] INFO  o.eclipse.m2e.core.internal.Bundles - 	Entry: C:\Users\jagad\.p2\pool\plugins\org.eclipse.m2e.maven.runtime_3.9.900.20250220-2013\jars\maven-resolver-transport-wagon-1.9.22.jar
2025-05-19 22:40:57,799 [Worker-33: Launching MyDigital] INFO  o.eclipse.m2e.core.internal.Bundles - 	Entry: C:\Users\jagad\.p2\pool\plugins\org.eclipse.m2e.maven.runtime_3.9.900.20250220-2013\jars\maven-resolver-util-1.9.22.jar
2025-05-19 22:40:57,799 [Worker-33: Launching MyDigital] INFO  o.eclipse.m2e.core.internal.Bundles - 	Entry: C:\Users\jagad\.p2\pool\plugins\org.eclipse.m2e.maven.runtime_3.9.900.20250220-2013\jars\maven-settings-3.9.9.jar
2025-05-19 22:40:57,799 [Worker-33: Launching MyDigital] INFO  o.eclipse.m2e.core.internal.Bundles - 	Entry: C:\Users\jagad\.p2\pool\plugins\org.eclipse.m2e.maven.runtime_3.9.900.20250220-2013\jars\maven-settings-builder-3.9.9.jar
2025-05-19 22:40:57,799 [Worker-33: Launching MyDigital] INFO  o.eclipse.m2e.core.internal.Bundles - 	Entry: C:\Users\jagad\.p2\pool\plugins\org.eclipse.m2e.maven.runtime_3.9.900.20250220-2013\jars\maven-shared-utils-3.4.2.jar
2025-05-19 22:40:57,799 [Worker-33: Launching MyDigital] INFO  o.eclipse.m2e.core.internal.Bundles - 	Entry: C:\Users\jagad\.p2\pool\plugins\org.eclipse.m2e.maven.runtime_3.9.900.20250220-2013\jars\org.eclipse.sisu.inject-0.9.0.M3.jar
2025-05-19 22:40:57,799 [Worker-33: Launching MyDigital] INFO  o.eclipse.m2e.core.internal.Bundles - 	Entry: C:\Users\jagad\.p2\pool\plugins\org.eclipse.m2e.maven.runtime_3.9.900.20250220-2013\jars\org.eclipse.sisu.plexus-0.9.0.M3.jar
2025-05-19 22:40:57,799 [Worker-33: Launching MyDigital] INFO  o.eclipse.m2e.core.internal.Bundles - 	Entry: C:\Users\jagad\.p2\pool\plugins\org.eclipse.m2e.maven.runtime_3.9.900.20250220-2013\jars\plexus-build-api-0.0.7.jar
2025-05-19 22:40:57,800 [Worker-33: Launching MyDigital] INFO  o.eclipse.m2e.core.internal.Bundles - 	Entry: C:\Users\jagad\.p2\pool\plugins\org.eclipse.m2e.maven.runtime_3.9.900.20250220-2013\jars\plexus-build-api-1.2.0.jar
2025-05-19 22:40:57,800 [Worker-33: Launching MyDigital] INFO  o.eclipse.m2e.core.internal.Bundles - 	Entry: C:\Users\jagad\.p2\pool\plugins\org.eclipse.m2e.maven.runtime_3.9.900.20250220-2013\jars\plexus-cipher-2.0.jar
2025-05-19 22:40:57,800 [Worker-33: Launching MyDigital] INFO  o.eclipse.m2e.core.internal.Bundles - 	Entry: C:\Users\jagad\.p2\pool\plugins\org.eclipse.m2e.maven.runtime_3.9.900.20250220-2013\jars\plexus-classworlds-2.8.0.jar
2025-05-19 22:40:57,800 [Worker-33: Launching MyDigital] INFO  o.eclipse.m2e.core.internal.Bundles - 	Entry: C:\Users\jagad\.p2\pool\plugins\org.eclipse.m2e.maven.runtime_3.9.900.20250220-2013\jars\plexus-component-annotations-2.1.0.jar
2025-05-19 22:40:57,800 [Worker-33: Launching MyDigital] INFO  o.eclipse.m2e.core.internal.Bundles - 	Entry: C:\Users\jagad\.p2\pool\plugins\org.eclipse.m2e.maven.runtime_3.9.900.20250220-2013\jars\plexus-interpolation-1.27.jar
2025-05-19 22:40:57,800 [Worker-33: Launching MyDigital] INFO  o.eclipse.m2e.core.internal.Bundles - 	Entry: C:\Users\jagad\.p2\pool\plugins\org.eclipse.m2e.maven.runtime_3.9.900.20250220-2013\jars\plexus-sec-dispatcher-2.0.jar
2025-05-19 22:40:57,800 [Worker-33: Launching MyDigital] INFO  o.eclipse.m2e.core.internal.Bundles - 	Entry: C:\Users\jagad\.p2\pool\plugins\org.eclipse.m2e.maven.runtime_3.9.900.20250220-2013\jars\plexus-utils-3.5.1.jar
2025-05-19 22:40:57,800 [Worker-33: Launching MyDigital] INFO  o.eclipse.m2e.core.internal.Bundles - 	Entry: C:\Users\jagad\.p2\pool\plugins\org.eclipse.m2e.maven.runtime_3.9.900.20250220-2013\jars\plexus-xml-3.0.1.jar
2025-05-19 22:40:57,800 [Worker-33: Launching MyDigital] INFO  o.eclipse.m2e.core.internal.Bundles - 	Entry: C:\Users\jagad\.p2\pool\plugins\org.eclipse.m2e.maven.runtime_3.9.900.20250220-2013\jars\wagon-file-3.5.3.jar
2025-05-19 22:40:57,800 [Worker-33: Launching MyDigital] INFO  o.eclipse.m2e.core.internal.Bundles - 	Entry: C:\Users\jagad\.p2\pool\plugins\org.eclipse.m2e.maven.runtime_3.9.900.20250220-2013\jars\wagon-http-3.5.3.jar
2025-05-19 22:40:57,800 [Worker-33: Launching MyDigital] INFO  o.eclipse.m2e.core.internal.Bundles - 	Entry: C:\Users\jagad\.p2\pool\plugins\org.eclipse.m2e.maven.runtime_3.9.900.20250220-2013\jars\wagon-http-shared-3.5.3.jar
2025-05-19 22:40:57,800 [Worker-33: Launching MyDigital] INFO  o.eclipse.m2e.core.internal.Bundles - 	Entry: C:\Users\jagad\.p2\pool\plugins\org.eclipse.m2e.maven.runtime_3.9.900.20250220-2013\jars\wagon-provider-api-3.5.3.jar
2025-05-19 22:40:57,800 [Worker-33: Launching MyDigital] INFO  o.eclipse.m2e.core.internal.Bundles - getClasspathEntries(Bundle=com.google.guava_33.4.0.jre [16])
2025-05-19 22:40:57,800 [Worker-33: Launching MyDigital] INFO  o.eclipse.m2e.core.internal.Bundles - 	Entry: C:\Users\jagad\.p2\pool\plugins\com.google.guava_33.4.0.jre.jar
2025-05-19 22:40:57,800 [Worker-33: Launching MyDigital] INFO  o.eclipse.m2e.core.internal.Bundles - getClasspathEntries(Bundle=slf4j.api_2.0.16 [1004])
2025-05-19 22:40:57,801 [Worker-33: Launching MyDigital] INFO  o.eclipse.m2e.core.internal.Bundles - 	Entry: C:\Users\jagad\.p2\pool\plugins\slf4j.api_2.0.16.jar
2025-05-19 22:40:57,801 [Worker-33: Launching MyDigital] INFO  o.eclipse.m2e.core.internal.Bundles - getClasspathEntries(Bundle=jakarta.inject.jakarta.inject-api_1.0.5 [34])
2025-05-19 22:40:57,801 [Worker-33: Launching MyDigital] INFO  o.eclipse.m2e.core.internal.Bundles - 	Entry: C:\Users\jagad\.p2\pool\plugins\jakarta.inject.jakarta.inject-api_1.0.5.jar
2025-05-19 22:40:57,801 [Worker-33: Launching MyDigital] INFO  o.eclipse.m2e.core.internal.Bundles - getClasspathEntries(Bundle=jakarta.annotation-api_1.3.5 [29])
2025-05-19 22:40:57,801 [Worker-33: Launching MyDigital] INFO  o.eclipse.m2e.core.internal.Bundles - 	Entry: C:\Users\jagad\.p2\pool\plugins\jakarta.annotation-api_1.3.5.jar
2025-05-19 22:40:57,801 [Worker-33: Launching MyDigital] INFO  o.eclipse.m2e.core.internal.Bundles - getClasspathEntries(Bundle=org.apache.commons.cli_1.9.0 [74])
2025-05-19 22:40:57,801 [Worker-33: Launching MyDigital] INFO  o.eclipse.m2e.core.internal.Bundles - 	Entry: C:\Users\jagad\.p2\pool\plugins\org.apache.commons.cli_1.9.0.jar
2025-05-19 22:40:57,801 [Worker-33: Launching MyDigital] INFO  o.eclipse.m2e.core.internal.Bundles - getClasspathEntries(Bundle=org.apache.commons.commons-codec_1.16.0 [76])
2025-05-19 22:40:57,801 [Worker-33: Launching MyDigital] INFO  o.eclipse.m2e.core.internal.Bundles - 	Entry: C:\Users\jagad\.p2\pool\plugins\org.apache.commons.commons-codec_1.16.0.jar
2025-05-19 22:40:57,801 [Worker-33: Launching MyDigital] INFO  o.eclipse.m2e.core.internal.Bundles - getClasspathEntries(Bundle=com.google.guava.failureaccess_1.0.2 [17])
2025-05-19 22:40:57,801 [Worker-33: Launching MyDigital] INFO  o.eclipse.m2e.core.internal.Bundles - 	Entry: C:\Users\jagad\.p2\pool\plugins\com.google.guava.failureaccess_1.0.2.jar
2025-05-19 22:40:57,802 [Worker-33: Launching MyDigital] INFO  o.e.m.i.launch.MavenLaunchDelegate - Run build in "C:\MyDigital":
2025-05-19 22:40:57,802 [Worker-33: Launching MyDigital] INFO  o.e.m.i.launch.MavenLaunchDelegate -  mvn  -B -Dstyle.color=always 
2025-05-19 22:42:34,914 [Worker-6: Loading available Gradle versions] INFO  o.e.b.c.i.u.g.PublishedGradleVersions - Gradle version information cache is up-to-date. Trying to read.
2025-05-19 22:54:40,383 [Worker-7: Loading available Gradle versions] INFO  o.e.b.c.i.u.g.PublishedGradleVersions - Gradle version information cache is up-to-date. Trying to read.
